done Anaphora - KM_C301i26040910440
done Annominatio, Polyptoton - KM_C301i26040910460
done Antitheton - KM_C301i26040910580
done Antitheton - KM_C301i26040910590
done Asyndeton, Anastrophe - KM_C301i26040910520
done Brachylogia, Praeteritio - KM_C301i26040911070
done Commoratio, Exploitatio, De eadem re dicendo, Commutatio verborum - KM_C301i26040911030
done Commoratio, Exploitatio, De eadem re dicendo, Commutatio verborum - KM_C301i26040911040
done Communicatio, Definitio, Conciliatio - KM_C301i26040910570
done Commutatio, Distinctio - KM_C301i26040911000
done Derivatio, Synonymia - KM_C301i26040910470
done Detractio, Zeugma - KM_C301i26040910510
done Disiunctio - KM_C301i26040910550
done Disiunctio, Adiunctio - KM_C301i26040910551
done Epiphora, Complexio - KM_C301i26040910450
done Epiphora, Complexio, Annominatio, Polyptoton - KM_C301i26040910451
done Evidentia, Sermocinatio, Fictio personae, Commoratio - KM_C301i26040911012
done Gedankenfiguren, Figurae sententiae - KM_C301i26040910560
done Homoeoteleuton, Homoeoptoton - KM_C301i26040910540
done Isocolon, Homoeoteleuton - KM_C301i26040910530
done Onomasiologische Distinctio, Oxymoron, Exclamatio, Evidentia - KM_C301i26040911001
done Onomasiologische Distinctio, Oxymoron, Exclamatio, Evidentia - KM_C301i26040911010
done Onomasiologische Distinctio, Oxymoron, Exclamatio, Evidentia - KM_C301i26040911011
done Paromoeosis - KM_C301i26040910541
done Permissio, Adiectio, Interpositio, Brachylogia, Praeteritio - KM_C301i26040911041
done Reflexio - KM_C301i26040910490
done Regressio, Comparatio - KM_C301i26040910591
done Regressio, Comparatio, Commutatio - KM_C301i26040910592
done Reticentia, Aposiopesis - KM_C301i26040911071
done Traductio, Distinctio - KM_C301i26040910480
done Traductio, Distinctio - KM_C301i26040910481
ALL_DONE
